<?xml version="1.0" encoding="UTF-8"?>
<testsuite name="com.vicariusapi.VicariusApiApplicationTests" tests="1" skipped="0" failures="0" errors="0" timestamp="2023-12-11T04:25:46" hostname="Lucass-MacBook-Pro.local" time="0.436">
  <properties/>
  <testcase name="contextLoads()" classname="com.vicariusapi.VicariusApiApplicationTests" time="0.436"/>
  <system-out><![CDATA[01:25:43.202 [Test worker] INFO org.springframework.test.context.support.AnnotationConfigContextLoaderUtils -- Could not detect default configuration classes for test class [com.vicariusapi.VicariusApiApplicationTests]: VicariusApiApplicationTests does not declare any static, non-private, non-final, nested classes annotated with @Configuration.
01:25:43.248 [Test worker] INFO org.springframework.boot.test.context.SpringBootTestContextBootstrapper -- Found @SpringBootConfiguration com.vicariusapi.VicariusApiApplication for test class com.vicariusapi.VicariusApiApplicationTests

  .   ____          _            __ _ _
 /\\ / ___'_ __ _ _(_)_ __  __ _ \ \ \ \
( ( )\___ | '_ | '_| | '_ \/ _` | \ \ \ \
 \\/  ___)| |_)| | | | | || (_| |  ) ) ) )
  '  |____| .__|_| |_|_| |_\__, | / / / /
 =========|_|==============|___/=/_/_/_/
 :: Spring Boot ::                (v3.2.0)

2023-12-11T01:25:43.414-03:00  INFO 13324 --- [    Test worker] c.v.VicariusApiApplicationTests          : Starting VicariusApiApplicationTests using Java 17.0.9 with PID 13324 (started by lucasoliveira in /Users/lucasoliveira/IdeaProjects/vicarius-api)
2023-12-11T01:25:43.415-03:00  INFO 13324 --- [    Test worker] c.v.VicariusApiApplicationTests          : No active profile set, falling back to 1 default profile: "default"
2023-12-11T01:25:43.760-03:00  INFO 13324 --- [    Test worker] .s.d.r.c.RepositoryConfigurationDelegate : Bootstrapping Spring Data JPA repositories in DEFAULT mode.
2023-12-11T01:25:43.792-03:00  INFO 13324 --- [    Test worker] .s.d.r.c.RepositoryConfigurationDelegate : Finished Spring Data repository scanning in 28 ms. Found 3 JPA repository interfaces.
2023-12-11T01:25:43.990-03:00  INFO 13324 --- [    Test worker] o.hibernate.jpa.internal.util.LogHelper  : HHH000204: Processing PersistenceUnitInfo [name: default]
2023-12-11T01:25:44.011-03:00  INFO 13324 --- [    Test worker] org.hibernate.Version                    : HHH000412: Hibernate ORM core version 6.3.1.Final
2023-12-11T01:25:44.024-03:00  INFO 13324 --- [    Test worker] o.h.c.internal.RegionFactoryInitiator    : HHH000026: Second-level cache disabled
2023-12-11T01:25:44.125-03:00  INFO 13324 --- [    Test worker] o.s.o.j.p.SpringPersistenceUnitInfo      : No LoadTimeWeaver setup: ignoring JPA class transformer
2023-12-11T01:25:44.137-03:00  INFO 13324 --- [    Test worker] com.zaxxer.hikari.HikariDataSource       : HikariPool-1 - Starting...
2023-12-11T01:25:44.345-03:00  INFO 13324 --- [    Test worker] com.zaxxer.hikari.pool.HikariPool        : HikariPool-1 - Added connection com.mysql.cj.jdbc.ConnectionImpl@a047bdb
2023-12-11T01:25:44.346-03:00  INFO 13324 --- [    Test worker] com.zaxxer.hikari.HikariDataSource       : HikariPool-1 - Start completed.
2023-12-11T01:25:44.391-03:00  WARN 13324 --- [    Test worker] org.hibernate.orm.deprecation            : HHH90000025: MySQLDialect does not need to be specified explicitly using 'hibernate.dialect' (remove the property setting and it will be selected by default)
2023-12-11T01:25:44.831-03:00  INFO 13324 --- [    Test worker] o.h.e.t.j.p.i.JtaPlatformInitiator       : HHH000489: No JTA platform available (set 'hibernate.transaction.jta.platform' to enable JTA platform integration)
2023-12-11T01:25:44.838-03:00 DEBUG 13324 --- [    Test worker] org.hibernate.SQL                        : alter table access_history drop foreign key FKkjdeom0m2ivjp008qqo2lxlq5
Hibernate: alter table access_history drop foreign key FKkjdeom0m2ivjp008qqo2lxlq5
2023-12-11T01:25:44.871-03:00 DEBUG 13324 --- [    Test worker] org.hibernate.SQL                        : alter table user_quota drop foreign key FKpn7jow0v2i2yb7q25d1sxffgm
Hibernate: alter table user_quota drop foreign key FKpn7jow0v2i2yb7q25d1sxffgm
2023-12-11T01:25:44.879-03:00 DEBUG 13324 --- [    Test worker] org.hibernate.SQL                        : drop table if exists access_history
Hibernate: drop table if exists access_history
2023-12-11T01:25:44.893-03:00 DEBUG 13324 --- [    Test worker] org.hibernate.SQL                        : drop table if exists user
Hibernate: drop table if exists user
2023-12-11T01:25:44.902-03:00 DEBUG 13324 --- [    Test worker] org.hibernate.SQL                        : drop table if exists user_seq
Hibernate: drop table if exists user_seq
2023-12-11T01:25:44.912-03:00 DEBUG 13324 --- [    Test worker] org.hibernate.SQL                        : drop table if exists user_quota
Hibernate: drop table if exists user_quota
2023-12-11T01:25:44.925-03:00 DEBUG 13324 --- [    Test worker] org.hibernate.SQL                        : create table access_history (access_time_utc datetime(6), id bigint not null auto_increment, user_id bigint not null, primary key (id)) engine=InnoDB
Hibernate: create table access_history (access_time_utc datetime(6), id bigint not null auto_increment, user_id bigint not null, primary key (id)) engine=InnoDB
2023-12-11T01:25:44.939-03:00 DEBUG 13324 --- [    Test worker] org.hibernate.SQL                        : create table user (blocked bit, id bigint not null, last_login_time_utc datetime(6), first_name varchar(255), last_name varchar(255), primary key (id)) engine=InnoDB
Hibernate: create table user (blocked bit, id bigint not null, last_login_time_utc datetime(6), first_name varchar(255), last_name varchar(255), primary key (id)) engine=InnoDB
2023-12-11T01:25:44.950-03:00 DEBUG 13324 --- [    Test worker] org.hibernate.SQL                        : create table user_seq (next_val bigint) engine=InnoDB
Hibernate: create table user_seq (next_val bigint) engine=InnoDB
2023-12-11T01:25:44.966-03:00 DEBUG 13324 --- [    Test worker] org.hibernate.SQL                        : insert into user_seq values ( 1 )
Hibernate: insert into user_seq values ( 1 )
2023-12-11T01:25:44.971-03:00 DEBUG 13324 --- [    Test worker] org.hibernate.SQL                        : create table user_quota (access_count integer, id bigint not null auto_increment, user_id bigint, primary key (id)) engine=InnoDB
Hibernate: create table user_quota (access_count integer, id bigint not null auto_increment, user_id bigint, primary key (id)) engine=InnoDB
2023-12-11T01:25:44.984-03:00 DEBUG 13324 --- [    Test worker] org.hibernate.SQL                        : alter table user_quota add constraint UK_qcjethr6fuln6jvw0dgyej4aq unique (user_id)
Hibernate: alter table user_quota add constraint UK_qcjethr6fuln6jvw0dgyej4aq unique (user_id)
2023-12-11T01:25:44.998-03:00 DEBUG 13324 --- [    Test worker] org.hibernate.SQL                        : alter table access_history add constraint FKkjdeom0m2ivjp008qqo2lxlq5 foreign key (user_id) references user (id)
Hibernate: alter table access_history add constraint FKkjdeom0m2ivjp008qqo2lxlq5 foreign key (user_id) references user (id)
2023-12-11T01:25:45.033-03:00 DEBUG 13324 --- [    Test worker] org.hibernate.SQL                        : alter table user_quota add constraint FKpn7jow0v2i2yb7q25d1sxffgm foreign key (user_id) references user (id)
Hibernate: alter table user_quota add constraint FKpn7jow0v2i2yb7q25d1sxffgm foreign key (user_id) references user (id)
2023-12-11T01:25:45.081-03:00  INFO 13324 --- [    Test worker] j.LocalContainerEntityManagerFactoryBean : Initialized JPA EntityManagerFactory for persistence unit 'default'
2023-12-11T01:25:45.497-03:00  WARN 13324 --- [    Test worker] JpaBaseConfiguration$JpaWebConfiguration : spring.jpa.open-in-view is enabled by default. Therefore, database queries may be performed during view rendering. Explicitly configure spring.jpa.open-in-view to disable this warning
2023-12-11T01:25:46.429-03:00  INFO 13324 --- [    Test worker] c.v.VicariusApiApplicationTests          : Started VicariusApiApplicationTests in 3.121 seconds (process running for 3.627)
]]></system-out>
  <system-err><![CDATA[]]></system-err>
</testsuite>
